x:\dropbox\fei\rmr\rmr2019\rmr_windows\rmr_windows\debug\rmr_windows.pch
x:\dropbox\fei\rmr\rmr2019\rmr_windows\rmr_windows\debug\vc141.pdb
x:\dropbox\fei\rmr\rmr2019\rmr_windows\rmr_windows\debug\vc141.idb
x:\dropbox\fei\rmr\rmr2019\rmr_windows\rmr_windows\debug\pch.obj
x:\dropbox\fei\rmr\rmr2019\rmr_windows\rmr_windows\debug\speed_filter.obj
x:\dropbox\fei\rmr\rmr2019\rmr_windows\rmr_windows\debug\regulator.obj
x:\dropbox\fei\rmr\rmr2019\rmr_windows\rmr_windows\debug\points.obj
x:\dropbox\fei\rmr\rmr2019\rmr_windows\rmr_windows\debug\map.obj
x:\dropbox\fei\rmr\rmr2019\rmr_windows\rmr_windows\debug\encoder.obj
x:\dropbox\fei\rmr\rmr2019\rmr_windows\rmr_windows\debug\rmr_windows.obj
x:\dropbox\fei\rmr\rmr2019\rmr_windows\rmr_windows\debug\ckobuki.obj
x:\dropbox\fei\rmr\rmr2019\rmr_windows\debug\rmr_windows.exe
x:\dropbox\fei\rmr\rmr2019\rmr_windows\debug\rmr_windows.ilk
x:\dropbox\fei\rmr\rmr2019\rmr_windows\debug\rmr_windows.pdb
x:\dropbox\fei\rmr\rmr2019\rmr_windows\rmr_windows\debug\rmr_windows.tlog\cl.command.1.tlog
x:\dropbox\fei\rmr\rmr2019\rmr_windows\rmr_windows\debug\rmr_windows.tlog\cl.read.1.tlog
x:\dropbox\fei\rmr\rmr2019\rmr_windows\rmr_windows\debug\rmr_windows.tlog\cl.write.1.tlog
x:\dropbox\fei\rmr\rmr2019\rmr_windows\rmr_windows\debug\rmr_windows.tlog\link.command.1.tlog
x:\dropbox\fei\rmr\rmr2019\rmr_windows\rmr_windows\debug\rmr_windows.tlog\link.read.1.tlog
x:\dropbox\fei\rmr\rmr2019\rmr_windows\rmr_windows\debug\rmr_windows.tlog\link.write.1.tlog
